Performing C SOURCE FILE Test CMAKE_HAVE_LIBC_PTHREAD failed with the following output:
Change Dir: /home/droid/Documentos/EstudosRos/catkin_arthur/build/CMakeFiles/CMakeTmp

Run Build Command(s):/usr/bin/gmake cmTC_95727/fast && /usr/bin/gmake  -f CMakeFiles/cmTC_95727.dir/build.make CMakeFiles/cmTC_95727.dir/build
gmake[1]: Entrando no diretório '/home/droid/Documentos/EstudosRos/catkin_arthur/build/CMakeFiles/CMakeTmp'

Building C object CMakeFiles/cmTC_95727.dir/src.c.o
/usr/bin/cc   -DCMAKE_HAVE_LIBC_PTHREAD -o CMakeFiles/cmTC_95727.dir/src.c.o -c /home/droid/Documentos/EstudosRos/catkin_arthur/build/CMakeFiles/CMakeTmp/src.c
Linking C executable cmTC_95727
/usr/bin/cmake -E cmake_link_script CMakeFiles/cmTC_95727.dir/link.txt --verbose=1
/usr/bin/cc  -DCMAKE_HAVE_LIBC_PTHREAD -rdynamic CMakeFiles/cmTC_95727.dir/src.c.o -o cmTC_95727 
/usr/bin/ld: CMakeFiles/cmTC_95727.dir/src.c.o: na função "main":
src.c:(.text+0x34): referência não definida para "pthread_create"
/usr/bin/ld: src.c:(.text+0x3c): referência não definida para "pthread_detach"
/usr/bin/ld: src.c:(.text+0x44): referência não definida para "pthread_cancel"
/usr/bin/ld: src.c:(.text+0x50): referência não definida para "pthread_join"
collect2: error: ld returned 1 exit status
gmake[1]: *** [CMakeFiles/cmTC_95727.dir/build.make:106: cmTC_95727] Erro 1
gmake[1]: Saindo do diretório '/home/droid/Documentos/EstudosRos/catkin_arthur/build/CMakeFiles/CMakeTmp'

gmake: *** [Makefile:140: cmTC_95727/fast] Erro 2


Source file was:
#include <pthread.h>

void* test_func(void* data)
{
  return data;
}

int main(void)
{
  pthread_t thread;
  pthread_create(&thread, NULL, test_func, NULL);
  pthread_detach(thread);
  pthread_cancel(thread);
  pthread_join(thread, NULL);
  pthread_atfork(NULL, NULL, NULL);
  pthread_exit(NULL);

  return 0;
}

Determining if the function pthread_create exists in the pthreads failed with the following output:
Change Dir: /home/droid/Documentos/EstudosRos/catkin_arthur/build/CMakeFiles/CMakeTmp

Run Build Command(s):/usr/bin/gmake cmTC_da4d4/fast && /usr/bin/gmake  -f CMakeFiles/cmTC_da4d4.dir/build.make CMakeFiles/cmTC_da4d4.dir/build
gmake[1]: Entrando no diretório '/home/droid/Documentos/EstudosRos/catkin_arthur/build/CMakeFiles/CMakeTmp'

Building C object CMakeFiles/cmTC_da4d4.dir/CheckFunctionExists.c.o
/usr/bin/cc   -DCHECK_FUNCTION_EXISTS=pthread_create -o CMakeFiles/cmTC_da4d4.dir/CheckFunctionExists.c.o -c /usr/share/cmake-3.18/Modules/CheckFunctionExists.c
Linking C executable cmTC_da4d4
/usr/bin/cmake -E cmake_link_script CMakeFiles/cmTC_da4d4.dir/link.txt --verbose=1
/usr/bin/cc  -DCHECK_FUNCTION_EXISTS=pthread_create -rdynamic CMakeFiles/cmTC_da4d4.dir/CheckFunctionExists.c.o -o cmTC_da4d4  -lpthreads 
/usr/bin/ld: não foi possível localizar -lpthreads
collect2: error: ld returned 1 exit status
gmake[1]: *** [CMakeFiles/cmTC_da4d4.dir/build.make:106: cmTC_da4d4] Erro 1
gmake[1]: Saindo do diretório '/home/droid/Documentos/EstudosRos/catkin_arthur/build/CMakeFiles/CMakeTmp'

gmake: *** [Makefile:140: cmTC_da4d4/fast] Erro 2



